shared/build/intermediates/manifest_merge_blame_file/debug/manifest-merger-blame-debug-report.txt
1<?xml version="1.0" encoding="utf-8"?>
2<manifest xmlns:android="http://schemas.android.com/apk/res/android"
3    package="me.user.shared" >
4
5    <uses-sdk
6        android:minSdkVersion="24"
6-->src\androidMain\AndroidManifest.xml
7        android:targetSdkVersion="29" />
7-->src\androidMain\AndroidManifest.xml
8
9    <uses-permission android:name="android.permission.INTERNET" />
9-->src\androidMain\AndroidManifest.xml:5:5-67
9-->src\androidMain\AndroidManifest.xml:5:22-64
10    <uses-permission android:name="android.permission.ACCESS_COARSE_LOCATION" />
10-->src\androidMain\AndroidManifest.xml:6:5-81
10-->src\androidMain\AndroidManifest.xml:6:22-78
11    <uses-permission android:name="android.permission.ACCESS_FINE_LOCATION" />
11-->src\androidMain\AndroidManifest.xml:7:5-79
11-->src\androidMain\AndroidManifest.xml:7:22-76
12
13    <application>
13-->src\androidMain\AndroidManifest.xml:9:5-14:19
14        <meta-data
14-->src\androidMain\AndroidManifest.xml:10:9-13:19
15            android:name="keyValue"
15-->src\androidMain\AndroidManifest.xml:11:17-40
16            android:value="${API_KEY}" />
16-->src\androidMain\AndroidManifest.xml:12:17-43
17    </application>
18
19</manifest>